<?xml version="1.0" encoding="UTF-8"?>
<testng-results skipped="0" failed="1" total="1" passed="0">
  <reporter-output>
  </reporter-output>
  <suite name="Default suite" duration-ms="750" started-at="2020-07-20T08:55:21Z" finished-at="2020-07-20T08:55:21Z">
    <groups>
    </groups>
    <test name="Default test" duration-ms="750" started-at="2020-07-20T08:55:21Z" finished-at="2020-07-20T08:55:21Z">
      <class name="com.casestudy1.ParameterizationDataproviderTestDB">
        <test-method status="FAIL" signature="myTest(com.casestudy1.beans.Users)[pri:0, instance:com.casestudy1.ParameterizationDataproviderTestDB@2b546384]" name="myTest" duration-ms="722" started-at="2020-07-20T14:25:21Z" data-provider="userData" finished-at="2020-07-20T14:25:21Z">
          <exception class="java.lang.ClassCastException">
            <message>
              <![CDATA[com.casestudy1.beans.Users cannot be cast to [Ljava.lang.Object;]]>
            </message>
            <full-stacktrace>
              <![CDATA[java.lang.ClassCastException: com.casestudy1.beans.Users cannot be cast to [Ljava.lang.Object;
	at org.testng.internal.Invoker.invokeTestMethods(Invoker.java:1147)
	at org.testng.internal.TestMethodWorker.invokeTestMethods(TestMethodWorker.java:125)
	at org.testng.internal.TestMethodWorker.run(TestMethodWorker.java:108)
	at org.testng.TestRunner.privateRun(TestRunner.java:771)
	at org.testng.TestRunner.run(TestRunner.java:621)
	at org.testng.SuiteRunner.runTest(SuiteRunner.java:357)
	at org.testng.SuiteRunner.runSequentially(SuiteRunner.java:352)
	at org.testng.SuiteRunner.privateRun(SuiteRunner.java:310)
	at org.testng.SuiteRunner.run(SuiteRunner.java:259)
	at org.testng.SuiteRunnerWorker.runSuite(SuiteRunnerWorker.java:52)
	at org.testng.SuiteRunnerWorker.run(SuiteRunnerWorker.java:86)
	at org.testng.TestNG.runSuitesSequentially(TestNG.java:1199)
	at org.testng.TestNG.runSuitesLocally(TestNG.java:1124)
	at org.testng.TestNG.run(TestNG.java:1032)
	at org.testng.remote.AbstractRemoteTestNG.run(AbstractRemoteTestNG.java:115)
	at org.testng.remote.RemoteTestNG.initAndRun(RemoteTestNG.java:251)
	at org.testng.remote.RemoteTestNG.main(RemoteTestNG.java:77)
]]>
            </full-stacktrace>
          </exception> <!-- java.lang.ClassCastException -->
          <reporter-output>
          </reporter-output>
        </test-method> <!-- myTest -->
      </class> <!-- com.casestudy1.ParameterizationDataproviderTestDB -->
    </test> <!-- Default test -->
  </suite> <!-- Default suite -->
</testng-results>
